<?xml version="1.0" encoding="UTF-8"?>
<!-- Generated by org.testng.reporters.JUnitReportReporter -->
<testsuite hostname="Rahul-PC" name="keyword.keywordsteps" tests="1" failures="0" timestamp="14 Jun 2015 07:16:04 GMT" time="1.060" errors="0">
  <testcase name="readExcelPerformAction" time="1.060" classname="keyword.keywordsteps"/>
</testsuite> <!-- keyword.keywordsteps -->
