<?xml version="1.0" encoding="UTF-8"?>
<!-- Generated by org.testng.reporters.JUnitReportReporter -->
<testsuite hostname="Rahul-PC" name="testcase.TestAllObject" tests="1" failures="0" timestamp="23 May 2015 05:26:42 GMT" time="2.371" errors="0">
  <testcase name="testAll" time="2.371" classname="testcase.TestAllObject"/>
</testsuite> <!-- testcase.TestAllObject -->
