<?xml version="1.0" encoding="UTF-8"?>
<!-- Generated by org.testng.reporters.JUnitReportReporter -->
<testsuite hostname="Rahul-PC" name="testcase.TestKeyBoard" tests="1" failures="0" timestamp="23 May 2015 05:26:42 GMT" time="3.243" errors="0">
  <testcase name="testKey" time="3.243" classname="testcase.TestKeyBoard"/>
</testsuite> <!-- testcase.TestKeyBoard -->
