<?xml version="1.0" encoding="UTF-8"?>
<!-- Generated by org.testng.reporters.JUnitReportReporter -->
<testsuite hostname="Rahul-PC" name="testcase.testOne.TestQuestionOne" tests="1" failures="0" timestamp="25 Feb 2017 08:03:00 GMT" time="19.721" errors="0">
  <testcase name="testQuestion" time="19.721" classname="testcase.testOne.TestQuestionOne"/>
</testsuite> <!-- testcase.testOne.TestQuestionOne -->
