<?xml version="1.0" encoding="UTF-8"?>
<!-- Generated by org.testng.reporters.JUnitReportReporter -->
<testsuite hostname="Rahul-PC" name="testcase.TestAlertPresent" tests="1" failures="0" timestamp="23 Nov 2014 05:57:11 GMT" time="13.656" errors="0">
  <testcase name="tetCase" time="13.656" classname="testcase.TestAlertPresent"/>
</testsuite> <!-- testcase.TestAlertPresent -->
