<?xml version="1.0" encoding="UTF-8"?>
<!-- Generated by org.testng.reporters.JUnitReportReporter -->
<testsuite hostname="Rahul-PC" name="testcase.testOne.Test1" tests="1" failures="0" timestamp="25 Jun 2015 11:54:07 GMT" time="9.446" errors="0">
  <testcase name="selectOne" time="9.446" classname="testcase.testOne.Test1"/>
</testsuite> <!-- testcase.testOne.Test1 -->
