<?xml version="1.0" encoding="UTF-8"?>
<!-- Generated by org.testng.reporters.JUnitReportReporter -->
<testsuite hostname="Rahul-PC" name="cucumber.stepdefination.TestNgStpDfn" tests="1" failures="0" timestamp="5 May 2015 12:59:16 GMT" time="0.234" errors="0">
  <testcase name="runCukes" time="0.234" classname="cucumber.stepdefination.TestNgStpDfn"/>
</testsuite> <!-- cucumber.stepdefination.TestNgStpDfn -->
