<?xml version="1.0" encoding="UTF-8"?>
<!-- Generated by org.testng.reporters.JUnitReportReporter -->
<testsuite hostname="Rahul-PC" name="testcase.testOne.TestClickButton" tests="1" failures="0" timestamp="15 Dec 2016 16:38:55 GMT" time="38.620" errors="0">
  <testcase name="testButtonClick" time="38.620" classname="testcase.testOne.TestClickButton"/>
</testsuite> <!-- testcase.testOne.TestClickButton -->
