<?xml version="1.0" encoding="UTF-8"?>
<!-- Generated by org.testng.reporters.JUnitReportReporter -->
<testsuite hostname="Rahul-PC" name="testcase.customreportlistener.TestIReport" tests="1" failures="0" timestamp="5 Dec 2015 14:54:17 GMT" time="0.016" errors="0">
  <testcase name="testcase" time="0.016" classname="testcase.customreportlistener.TestIReport"/>
</testsuite> <!-- testcase.customreportlistener.TestIReport -->
