<?xml version="1.0" encoding="UTF-8"?>
<!-- Generated by org.testng.reporters.JUnitReportReporter -->
<testsuite hostname="Rahul-PC" name="testcase.TestPageObjectModel" tests="1" failures="0" timestamp="16 Oct 2015 12:31:53 GMT" time="113.696" errors="0">
  <testcase name="testCase" time="113.696" classname="testcase.TestPageObjectModel"/>
</testsuite> <!-- testcase.TestPageObjectModel -->
