<?xml version="1.0" encoding="UTF-8"?>
<!-- Generated by org.testng.reporters.JUnitReportReporter -->
<testsuite hostname="Rahul-PC" name="testcase.TestReportOne" tests="1" failures="0" timestamp="23 May 2015 05:26:42 GMT" time="0.000" errors="0">
  <testcase name="testCaseOne" time="0.000" classname="testcase.TestReportOne"/>
</testsuite> <!-- testcase.TestReportOne -->
