<?xml version="1.0" encoding="UTF-8"?>
<!-- Generated by org.testng.reporters.JUnitReportReporter -->
<testsuite hostname="WRATHR1W7" name="seleniumgrid.FirefoxTest" tests="1" failures="0" timestamp="7 Nov 2014 06:49:32 GMT" time="14.875" errors="0">
  <testcase name="testCase" time="14.875" classname="seleniumgrid.FirefoxTest"/>
</testsuite> <!-- seleniumgrid.FirefoxTest -->
