<?xml version="1.0" encoding="UTF-8"?>
<!-- Generated by org.testng.reporters.JUnitReportReporter -->
<testsuite hostname="Rahul-PC" name="testcase.keyword.TestBugzilla" tests="2" failures="0" timestamp="14 Jun 2015 07:42:43 GMT" time="48.878" errors="0">
  <testcase name="testCaseOne" time="19.531" classname="testcase.keyword.TestBugzilla"/>
  <testcase name="testCodingBat" time="29.347" classname="testcase.keyword.TestBugzilla"/>
</testsuite> <!-- testcase.keyword.TestBugzilla -->
