<?xml version="1.0" encoding="UTF-8"?>
<!-- Generated by org.testng.reporters.JUnitReportReporter -->
<testsuite hostname="Rahul-PC" name="testcase.testOne.MainClass" tests="1" failures="0" timestamp="25 May 2015 13:37:52 GMT" time="0.015" errors="0">
  <testcase name="testCaseOne" time="0.015" classname="testcase.testOne.MainClass"/>
</testsuite> <!-- testcase.testOne.MainClass -->
