<?xml version="1.0" encoding="UTF-8"?>
<!-- Generated by org.testng.reporters.JUnitReportReporter -->
<testsuite hostname="L30077WIN" name="testcase.testOne.TestBootStrapPopup" tests="1" failures="0" timestamp="21 Feb 2018 06:56:57 GMT" time="13.058" errors="0">
  <testcase name="testBootStrapPopup" time="13.058" classname="testcase.testOne.TestBootStrapPopup"/>
</testsuite> <!-- testcase.testOne.TestBootStrapPopup -->
