<?xml version="1.0" encoding="UTF-8"?>
<!-- Generated by org.testng.reporters.JUnitReportReporter -->
<testsuite hostname="Rahul-PC" name="testcase.TestConnectionPool" tests="1" failures="0" timestamp="2 Dec 2014 15:21:16 GMT" time="27.423" errors="0">
  <testcase name="takeScreen" time="27.423" classname="testcase.TestConnectionPool"/>
</testsuite> <!-- testcase.TestConnectionPool -->
