<?xml version="1.0" encoding="UTF-8"?>
<!-- Generated by org.testng.reporters.JUnitReportReporter -->
<testsuite hostname="Rahul-PC" name="testcase.TakeScreenShot" tests="1" failures="0" timestamp="28 Feb 2016 07:23:03 GMT" time="12.970" errors="0">
  <testcase name="takeMultipleScreenShot" time="12.970" classname="testcase.TakeScreenShot"/>
</testsuite> <!-- testcase.TakeScreenShot -->
