<?xml version="1.0" encoding="UTF-8"?>
<!-- Generated by org.testng.reporters.JUnitReportReporter -->
<testsuite hostname="Rahul-PC" name="testcase.TestAdminConsole" tests="1" failures="0" timestamp="23 May 2015 05:26:42 GMT" time="29.325" errors="0">
  <testcase name="testAdmin" time="29.325" classname="testcase.TestAdminConsole"/>
</testsuite> <!-- testcase.TestAdminConsole -->
