<?xml version="1.0" encoding="UTF-8"?>
<!-- Generated by org.testng.reporters.JUnitReportReporter -->
<testsuite hostname="Rahul-PC" name="testcase.TestDisplayed" tests="1" failures="0" timestamp="23 May 2015 05:26:42 GMT" time="10.476" errors="0">
  <testcase name="testCheckElement" time="10.476" classname="testcase.TestDisplayed"/>
</testsuite> <!-- testcase.TestDisplayed -->
