<?xml version="1.0" encoding="UTF-8"?>
<!-- Generated by org.testng.reporters.JUnitReportReporter -->
<testsuite hostname="L30077WIN" name="testcase.testOne.TestShadowDom" tests="1" failures="0" timestamp="22 Feb 2018 12:54:23 GMT" time="58.046" errors="0">
  <testcase name="testCaseShadowDom" time="58.046" classname="testcase.testOne.TestShadowDom"/>
</testsuite> <!-- testcase.testOne.TestShadowDom -->
