<?xml version="1.0" encoding="UTF-8"?>
<!-- Generated by org.testng.reporters.JUnitReportReporter -->
<testsuite hostname="Rahul-PC" name="testcase.keyword.TestKeyword" tests="2" failures="0" timestamp="20 Jun 2015 11:12:42 GMT" time="47.237" errors="0">
  <testcase name="testcaseTwo" time="28.531" classname="testcase.keyword.TestKeyword"/>
  <testcase name="testcaseOne" time="18.706" classname="testcase.keyword.TestKeyword"/>
</testsuite> <!-- testcase.keyword.TestKeyword -->
