<?xml version="1.0" encoding="UTF-8"?>
<!-- Generated by org.testng.reporters.JUnitReportReporter -->
<testsuite hostname="Rahul-PC" name="cucumber.stepdefination.Firstfile" tests="1" failures="0" timestamp="16 Apr 2015 13:07:14 GMT" time="11.240" errors="0">
  <testcase name="runTheCukes" time="11.240" classname="cucumber.stepdefination.Firstfile"/>
</testsuite> <!-- cucumber.stepdefination.Firstfile -->
