<?xml version="1.0" encoding="UTF-8"?>
<!-- Generated by org.testng.reporters.JUnitReportReporter -->
<testsuite hostname="Rahul-PC" name="testcase.TestMethodCall" tests="1" failures="0" timestamp="23 May 2015 05:26:42 GMT" time="0.001" errors="0">
  <testcase name="testCase" time="0.001" classname="testcase.TestMethodCall"/>
</testsuite> <!-- testcase.TestMethodCall -->
