<?xml version="1.0" encoding="UTF-8"?>
<!-- Generated by org.testng.reporters.JUnitReportReporter -->
<testsuite hostname="Rahul-PC" name="cucumber.stepdefination.test" tests="3" failures="0" timestamp="13 May 2015 13:55:35 GMT" time="0.028" errors="0">
  <testcase name="execute_TestCase" time="0.025" classname="cucumber.stepdefination.test"/>
  <testcase name="execute_TestCase" time="0.002" classname="cucumber.stepdefination.test"/>
  <testcase name="execute_TestCase" time="0.001" classname="cucumber.stepdefination.test"/>
</testsuite> <!-- cucumber.stepdefination.test -->
