<?xml version="1.0" encoding="UTF-8"?>
<!-- Generated by org.testng.reporters.JUnitReportReporter -->
<testsuite hostname="L33986WUS" name="testcase.TestWebDriverBacked" tests="1" failures="0" timestamp="24 Mar 2019 04:53:36 GMT" time="20.026" errors="0">
  <testcase name="testBackedSelenium" time="20.026" classname="testcase.TestWebDriverBacked"/>
</testsuite> <!-- testcase.TestWebDriverBacked -->
