<?xml version="1.0" encoding="UTF-8"?>
<!-- Generated by org.testng.reporters.JUnitReportReporter -->
<testsuite hostname="WRATHR1W7" name="seleniumgrid.SeleniumGrid" tests="2" failures="0" timestamp="7 Nov 2014 06:33:17 GMT" time="26.159" errors="0">
  <testcase name="testCase" time="12.967" classname="seleniumgrid.SeleniumGrid"/>
  <testcase name="testCase" time="13.192" classname="seleniumgrid.SeleniumGrid"/>
</testsuite> <!-- seleniumgrid.SeleniumGrid -->
