<?xml version="1.0" encoding="UTF-8"?>
<!-- Generated by org.testng.reporters.JUnitReportReporter -->
<testsuite hostname="Rahul-PC" name="testcase.TestFileUploadSikuli" tests="1" failures="0" timestamp="15 Mar 2015 07:17:04 GMT" time="28.217" errors="0">
  <testcase name="upLoad" time="28.217" classname="testcase.TestFileUploadSikuli"/>
</testsuite> <!-- testcase.TestFileUploadSikuli -->
