<?xml version="1.0" encoding="UTF-8"?>
<!-- Generated by org.testng.reporters.JUnitReportReporter -->
<testsuite hostname="Rahul-PC" name="testcase.TestScreenShot" tests="1" failures="0" timestamp="29 Nov 2014 04:15:12 GMT" time="30.790" errors="0">
  <testcase name="screenShot" time="30.790" classname="testcase.TestScreenShot"/>
</testsuite> <!-- testcase.TestScreenShot -->
