<?xml version="1.0" encoding="UTF-8"?>
<!-- Generated by org.testng.reporters.JUnitReportReporter -->
<testsuite hostname="Rahul-PC" name="testcase.keywordtest.TestKeywordDriven" tests="2" failures="0" timestamp="20 Jun 2015 13:39:51 GMT" time="57.026" errors="0">
  <testcase name="testBugzilla" time="26.587" classname="testcase.keywordtest.TestKeywordDriven"/>
  <testcase name="testCoadingBat" time="30.439" classname="testcase.keywordtest.TestKeywordDriven"/>
</testsuite> <!-- testcase.keywordtest.TestKeywordDriven -->
